<?xml version="1.0" encoding="UTF-8"?>
<!-- Generated by org.testng.reporters.JUnitXMLReporter -->
<testsuite ignored="2" hostname="DESKTOP-B7KJV5D" failures="0" tests="1" name="Default test" time="0.068" errors="0" timestamp="2022-05-10T17:11:41 IST">
  <testcase classname="com.comcast.CampaignTest.CampaignTest" name="CreateCampaignTest" time="0.012"/>
  <testcase classname="com.comcast.CampaignTest.CampaignTest" name="ModifyCampaignTest" time="0.0">
    <ignored/>
  </testcase> <!-- ModifyCampaignTest -->
  <testcase classname="com.comcast.CampaignTest.CampaignTest" name="DeleteCampaignTest" time="0.0">
    <ignored/>
  </testcase> <!-- DeleteCampaignTest -->
</testsuite> <!-- Default test -->
