<?xml version="1.0" encoding="UTF-8"?>
<testng-results ignored="2" total="3" passed="1" failed="0" skipped="0">
  <reporter-output>
  </reporter-output>
  <suite started-at="2022-05-10T17:11:41 IST" name="Default suite" finished-at="2022-05-10T17:11:41 IST" duration-ms="68">
    <groups>
      <group name="smokeTest">
        <method signature="CampaignTest.CreateCampaignTest()[pri:0, instance:com.comcast.CampaignTest.CampaignTest@346d61be]" name="CreateCampaignTest" class="com.comcast.CampaignTest.CampaignTest"/>
      </group> <!-- smokeTest -->
    </groups>
    <test started-at="2022-05-10T17:11:41 IST" name="Default test" finished-at="2022-05-10T17:11:41 IST" duration-ms="68">
      <class name="com.comcast.CampaignTest.CampaignTest">
        <test-method signature="CreateCampaignTest()[pri:0, instance:com.comcast.CampaignTest.CampaignTest@346d61be]" started-at="2022-05-10T17:11:41 IST" name="CreateCampaignTest" finished-at="2022-05-10T17:11:41 IST" duration-ms="12" status="PASS">
          <reporter-output>
          </reporter-output>
        </test-method> <!-- CreateCampaignTest -->
      </class> <!-- com.comcast.CampaignTest.CampaignTest -->
    </test> <!-- Default test -->
  </suite> <!-- Default suite -->
</testng-results>
